[0m22:12:17.946133 [debug] [MainThread]: Sending event: {'category': 'dbt', 'action': 'invocation', 'label': 'start', 'context': [<snowplow_tracker.self_describing_json.SelfDescribingJson object at 0x7f86fff46b70>, <snowplow_tracker.self_describing_json.SelfDescribingJson object at 0x7f87002089e0>, <snowplow_tracker.self_describing_json.SelfDescribingJson object at 0x7f87020c3bf0>]}


============================== 22:12:17.953795 | e7b7b3bf-0379-4f2a-9067-43d87badd29c ==============================
[0m22:12:17.953795 [info ] [MainThread]: Running with dbt=1.11.7
[0m22:12:17.954585 [debug] [MainThread]: running dbt with arguments {'printer_width': '80', 'log_path': 'logs', 'use_experimental_parser': 'False', 'use_colors': 'True', 'debug': 'False', 'warn_error_options': 'WarnErrorOptionsV2(error=[], warn=[], silence=[])', 'warn_error': 'None', 'indirect_selection': 'eager', 'invocation_command': 'dbt init openmarches --skip-profile-setup', 'empty': 'None', 'cache_selected_only': 'False', 'profiles_dir': '/home/vanel/.dbt', 'log_format': 'default', 'fail_fast': 'False', 'partial_parse': 'True', 'version_check': 'True', 'send_anonymous_usage_stats': 'True', 'target_path': 'None', 'introspect': 'True', 'quiet': 'False', 'write_json': 'True', 'static_parser': 'True', 'no_print': 'None', 'log_cache_events': 'False'}
[0m22:12:17.963429 [debug] [MainThread]: Starter project path: /home/vanel/openmarches/venv/lib/python3.12/site-packages/dbt/include/starter_project
[0m22:12:17.967977 [info ] [MainThread]: 
Your new dbt project "openmarches" was created!

For more information on how to configure the profiles.yml file,
please consult the dbt documentation here:

  https://docs.getdbt.com/docs/configure-your-profile

One more thing:

Need help? Don't hesitate to reach out to us via GitHub issues or on Slack:

  https://community.getdbt.com/

Happy modeling!

[0m22:12:17.971873 [debug] [MainThread]: Resource report: {"command_name": "init", "command_success": true, "command_wall_clock_time": 0.09419898, "process_in_blocks": "800", "process_kernel_time": 0.100411, "process_mem_max_rss": "102712", "process_out_blocks": "64", "process_user_time": 1.566426}
[0m22:12:17.972650 [debug] [MainThread]: Command `dbt init` succeeded at 22:12:17.972541 after 0.10 seconds
[0m22:12:17.972996 [debug] [MainThread]: Sending event: {'category': 'dbt', 'action': 'invocation', 'label': 'end', 'context': [<snowplow_tracker.self_describing_json.SelfDescribingJson object at 0x7f86ff6d92e0>, <snowplow_tracker.self_describing_json.SelfDescribingJson object at 0x7f86ff876cc0>, <snowplow_tracker.self_describing_json.SelfDescribingJson object at 0x7f86ff2977d0>]}
[0m22:12:17.973388 [debug] [MainThread]: Flushing usage events
[0m22:12:18.460466 [debug] [MainThread]: An error was encountered while trying to flush usage events
[0m22:12:52.212284 [debug] [MainThread]: Sending event: {'category': 'dbt', 'action': 'invocation', 'label': 'start', 'context': [<snowplow_tracker.self_describing_json.SelfDescribingJson object at 0x7f6d09e97740>, <snowplow_tracker.self_describing_json.SelfDescribingJson object at 0x7f6d0af03b90>, <snowplow_tracker.self_describing_json.SelfDescribingJson object at 0x7f6d085853a0>]}


============================== 22:12:52.216212 | 9c692376-3fb3-4687-9c77-e9b1b199383e ==============================
[0m22:12:52.216212 [info ] [MainThread]: Running with dbt=1.11.7
[0m22:12:52.216986 [debug] [MainThread]: running dbt with arguments {'write_json': 'True', 'target_path': 'None', 'cache_selected_only': 'False', 'debug': 'False', 'log_cache_events': 'False', 'introspect': 'True', 'send_anonymous_usage_stats': 'True', 'partial_parse': 'True', 'version_check': 'True', 'invocation_command': 'dbt debug', 'fail_fast': 'False', 'profiles_dir': '/home/vanel/.dbt', 'warn_error': 'None', 'empty': 'None', 'log_format': 'default', 'printer_width': '80', 'use_colors': 'True', 'no_print': 'None', 'warn_error_options': 'WarnErrorOptionsV2(error=[], warn=[], silence=[])', 'indirect_selection': 'eager', 'use_experimental_parser': 'False', 'static_parser': 'True', 'quiet': 'False', 'log_path': 'logs'}
[0m22:12:52.226806 [info ] [MainThread]: dbt version: 1.11.7
[0m22:12:52.227328 [info ] [MainThread]: python version: 3.12.3
[0m22:12:52.227853 [info ] [MainThread]: python path: /home/vanel/openmarches/venv/bin/python3
[0m22:12:52.228300 [info ] [MainThread]: os info: Linux-5.15.167.4-microsoft-standard-WSL2-x86_64-with-glibc2.39
[0m22:12:52.370582 [info ] [MainThread]: Using profiles dir at /home/vanel/.dbt
[0m22:12:52.371253 [info ] [MainThread]: Using profiles.yml file at /home/vanel/.dbt/profiles.yml
[0m22:12:52.371844 [info ] [MainThread]: Using dbt_project.yml file at /home/vanel/openmarches/transform/dbt_project.yml
[0m22:12:52.373609 [info ] [MainThread]: adapter type: duckdb
[0m22:12:52.374148 [info ] [MainThread]: adapter version: 1.10.1
[0m22:12:52.374659 [info ] [MainThread]: Configuration:
[0m22:12:52.375155 [info ] [MainThread]:   profiles.yml file [[32mOK found and valid[0m]
[0m22:12:52.375627 [info ] [MainThread]:   dbt_project.yml file [[31mERROR not found[0m]
[0m22:12:52.376225 [info ] [MainThread]: Required dependencies:
[0m22:12:52.376895 [debug] [MainThread]: Executing "git --help"
[0m22:12:52.399950 [debug] [MainThread]: STDOUT: "b"usage: git [-v | --version] [-h | --help] [-C <path>] [-c <name>=<value>]\n           [--exec-path[=<path>]] [--html-path] [--man-path] [--info-path]\n           [-p | --paginate | -P | --no-pager] [--no-replace-objects] [--bare]\n           [--git-dir=<path>] [--work-tree=<path>] [--namespace=<name>]\n           [--config-env=<name>=<envvar>] <command> [<args>]\n\nThese are common Git commands used in various situations:\n\nstart a working area (see also: git help tutorial)\n   clone     Clone a repository into a new directory\n   init      Create an empty Git repository or reinitialize an existing one\n\nwork on the current change (see also: git help everyday)\n   add       Add file contents to the index\n   mv        Move or rename a file, a directory, or a symlink\n   restore   Restore working tree files\n   rm        Remove files from the working tree and from the index\n\nexamine the history and state (see also: git help revisions)\n   bisect    Use binary search to find the commit that introduced a bug\n   diff      Show changes between commits, commit and working tree, etc\n   grep      Print lines matching a pattern\n   log       Show commit logs\n   show      Show various types of objects\n   status    Show the working tree status\n\ngrow, mark and tweak your common history\n   branch    List, create, or delete branches\n   commit    Record changes to the repository\n   merge     Join two or more development histories together\n   rebase    Reapply commits on top of another base tip\n   reset     Reset current HEAD to the specified state\n   switch    Switch branches\n   tag       Create, list, delete or verify a tag object signed with GPG\n\ncollaborate (see also: git help workflows)\n   fetch     Download objects and refs from another repository\n   pull      Fetch from and integrate with another repository or a local branch\n   push      Update remote refs along with associated objects\n\n'git help -a' and 'git help -g' list available subcommands and some\nconcept guides. See 'git help <command>' or 'git help <concept>'\nto read about a specific subcommand or concept.\nSee 'git help git' for an overview of the system.\n""
[0m22:12:52.400459 [debug] [MainThread]: STDERR: "b''"
[0m22:12:52.400737 [info ] [MainThread]:  - git [[32mOK found[0m]

[0m22:12:52.401110 [info ] [MainThread]: Connection:
[0m22:12:52.401615 [info ] [MainThread]:   database: openmarches
[0m22:12:52.402214 [info ] [MainThread]:   schema: main
[0m22:12:52.402807 [info ] [MainThread]:   path: /home/vanel/openmarches/data/openmarches.duckdb
[0m22:12:52.403226 [info ] [MainThread]:   config_options: None
[0m22:12:52.403612 [info ] [MainThread]:   extensions: None
[0m22:12:52.403952 [info ] [MainThread]:   settings: {}
[0m22:12:52.404329 [info ] [MainThread]:   external_root: .
[0m22:12:52.404703 [info ] [MainThread]:   use_credential_provider: None
[0m22:12:52.405116 [info ] [MainThread]:   attach: None
[0m22:12:52.405595 [info ] [MainThread]:   filesystems: None
[0m22:12:52.406030 [info ] [MainThread]:   remote: None
[0m22:12:52.406525 [info ] [MainThread]:   plugins: None
[0m22:12:52.407022 [info ] [MainThread]:   disable_transactions: False
[0m22:12:52.407746 [info ] [MainThread]: Registered adapter: duckdb=1.10.1
[0m22:12:52.485519 [debug] [MainThread]: Acquiring new duckdb connection 'debug'
[0m22:12:52.564520 [debug] [MainThread]: Using duckdb connection "debug"
[0m22:12:52.564962 [debug] [MainThread]: On debug: select 1 as id
[0m22:12:52.565267 [debug] [MainThread]: Opening a new connection, currently in state init
[0m22:12:52.613062 [debug] [MainThread]: SQL status: OK in 0.048 seconds
[0m22:12:52.614212 [debug] [MainThread]: On debug: Close
[0m22:12:52.614747 [info ] [MainThread]:   Connection test: [[32mOK connection ok[0m]

[0m22:12:52.615204 [info ] [MainThread]: [31m1 check failed:[0m
[0m22:12:52.615612 [info ] [MainThread]: Project loading failed for the following reason:
 project path </home/vanel/openmarches/transform/dbt_project.yml> not found

[0m22:12:52.616831 [debug] [MainThread]: Resource report: {"command_name": "debug", "command_success": false, "command_wall_clock_time": 0.46973413, "process_in_blocks": "368", "process_kernel_time": 0.17887, "process_mem_max_rss": "144204", "process_out_blocks": "24", "process_user_time": 1.848324}
[0m22:12:52.617339 [debug] [MainThread]: Command `dbt debug` failed at 22:12:52.617229 after 0.47 seconds
[0m22:12:52.617787 [debug] [MainThread]: Connection 'debug' was properly closed.
[0m22:12:52.618201 [debug] [MainThread]: Sending event: {'category': 'dbt', 'action': 'invocation', 'label': 'end', 'context': [<snowplow_tracker.self_describing_json.SelfDescribingJson object at 0x7f6d09d293a0>, <snowplow_tracker.self_describing_json.SelfDescribingJson object at 0x7f6d07ff9670>, <snowplow_tracker.self_describing_json.SelfDescribingJson object at 0x7f6d0a78ca70>]}
[0m22:12:52.618842 [debug] [MainThread]: Flushing usage events
[0m22:12:53.052794 [debug] [MainThread]: An error was encountered while trying to flush usage events
